{"numTotalTestSuites":4,"numPassedTestSuites":4,"numFailedTestSuites":0,"numPendingTestSuites":0,"numTotalTests":5,"numPassedTests":5,"numFailedTests":0,"numPendingTests":0,"numTodoTests":0,"snapshot":{"added":0,"failure":false,"filesAdded":0,"filesRemoved":0,"filesRemovedList":[],"filesUnmatched":0,"filesUpdated":0,"matched":0,"total":0,"unchecked":0,"uncheckedKeysByFile":[],"unmatched":0,"updated":0,"didUpdate":false},"startTime":1787696904366,"success":true,"testResults":[{"assertionResults":[{"ancestorTitles":["Admin Panel Strict Access Control Rules","Admin-Managed Content Collections"],"fullName":"Admin Panel Strict Access Control Rules Admin-Managed Content Collections should deny unauthenticated users from writing to admin content","status":"passed","title":"should deny unauthenticated users from writing to admin content","duration":71.39383299999997,"failureMessages":[],"meta":{},"tags":[]},{"ancestorTitles":["Admin Panel Strict Access Control Rules","Admin-Managed Content Collections"],"fullName":"Admin Panel Strict Access Control Rules Admin-Managed Content Collections should deny regular signed-in users from modifying admin content","status":"passed","title":"should deny regular signed-in users from modifying admin content","duration":32.56929100000002,"failureMessages":[],"meta":{},"tags":[]},{"ancestorTitles":["Admin Panel Strict Access Control Rules","Admin-Managed Content Collections"],"fullName":"Admin Panel Strict Access Control Rules Admin-Managed Content Collections should allow verified admin users to create and update admin content","status":"passed","title":"should allow verified admin users to create and update admin content","duration":40.832749999999976,"failureMessages":[],"meta":{},"tags":[]},{"ancestorTitles":["Admin Panel Strict Access Control Rules","Superadmin & Admin Roster Controls"],"fullName":"Admin Panel Strict Access Control Rules Superadmin & Admin Roster Controls should block regular admins from creating other admin accounts","status":"passed","title":"should block regular admins from creating other admin accounts","duration":35.02420900000004,"failureMessages":[],"meta":{},"tags":[]},{"ancestorTitles":["Admin Panel Strict Access Control Rules","Superadmin & Admin Roster Controls"],"fullName":"Admin Panel Strict Access Control Rules Superadmin & Admin Roster Controls should allow superadmins to create and delete admin accounts","status":"passed","title":"should allow superadmins to create and delete admin accounts","duration":33.16904099999999,"failureMessages":[],"meta":{},"tags":[]}],"startTime":1787696904667,"endTime":1787696904880.169,"status":"passed","message":"","name":"/Users/akshayreddy/Desktop/cif/cif-admin-panel/firestore.rules.test.js"}]}